<?xml version="1.0" encoding="UTF-8"?>
<!-- Generated by org.testng.reporters.JUnitReportReporter -->
<testsuite skipped="0" hostname="DESKTOP-MUE1MC5" name="testngPractice.TestNGTest" tests="1" failures="0" timestamp="10 Nov 2019 06:22:13 GMT" time="0.016" errors="0">
  <testcase name="testOne" time="0.016" classname="testngPractice.TestNGTest"/>
</testsuite> <!-- testngPractice.TestNGTest -->
