<?xml version="1.0" encoding="UTF-8"?>
<!-- Generated by org.testng.reporters.JUnitReportReporter -->
<testsuite skipped="0" hostname="DESKTOP-MUE1MC5" name="testngPractice.TestNGDependencies" tests="4" failures="0" timestamp="10 Nov 2019 06:22:13 GMT" time="0.000" errors="0">
  <testcase name="userRegiStration" time="0.000" classname="testngPractice.TestNGDependencies"/>
  <testcase name="userLogin" time="0.000" classname="testngPractice.TestNGDependencies"/>
  <testcase name="thirdTest" time="0.000" classname="testngPractice.TestNGDependencies"/>
  <testcase name="fourthTest" time="0.000" classname="testngPractice.TestNGDependencies"/>
</testsuite> <!-- testngPractice.TestNGDependencies -->
