<?xml version="1.0" encoding="UTF-8"?>
<!-- Generated by org.testng.reporters.JUnitReportReporter -->
<testsuite skipped="0" hostname="DESKTOP-MUE1MC5" name="testngPractice.invocationCountTest" tests="5" failures="0" timestamp="16 Jun 2021 18:35:29 GMT" time="119.558" errors="0">
  <testcase name="setUp" time="34.094" classname="testngPractice.invocationCountTest"/>
  <testcase name="setUp" time="17.687" classname="testngPractice.invocationCountTest"/>
  <testcase name="setUp" time="14.802" classname="testngPractice.invocationCountTest"/>
  <testcase name="setUp" time="29.670" classname="testngPractice.invocationCountTest"/>
  <testcase name="setUp" time="23.305" classname="testngPractice.invocationCountTest"/>
</testsuite> <!-- testngPractice.invocationCountTest -->
