<?xml version="1.0" encoding="UTF-8"?>
<!-- Generated by org.testng.reporters.JUnitReportReporter -->
<testsuite skipped="0" hostname="DESKTOP-MUE1MC5" name="ParametersWithDataProviders" tests="2" failures="0" timestamp="16 Aug 2019 06:16:35 GMT" time="0.016" errors="0">
  <testcase name="test" time="0.016" classname="ParametersWithDataProviders"/>
  <testcase name="test" time="0.000" classname="ParametersWithDataProviders"/>
</testsuite> <!-- ParametersWithDataProviders -->
