<?xml version="1.0" encoding="UTF-8"?>
<!-- Generated by org.testng.reporters.JUnitReportReporter -->
<testsuite skipped="0" hostname="DESKTOP-MUE1MC5" name="paralleltest.ParalleTestDataProvider" tests="2" failures="0" timestamp="13 Apr 2020 09:48:24 GMT" time="4.070" errors="0">
  <testcase name="doLogin" time="2.035" classname="paralleltest.ParalleTestDataProvider"/>
  <testcase name="doLogin" time="2.035" classname="paralleltest.ParalleTestDataProvider"/>
</testsuite> <!-- paralleltest.ParalleTestDataProvider -->
