<?xml version="1.0" encoding="UTF-8"?>
<!-- Generated by org.testng.reporters.JUnitReportReporter -->
<testsuite skipped="0" hostname="DESKTOP-MUE1MC5" name="ParameterExample" tests="1" failures="0" timestamp="16 Aug 2019 06:50:08 GMT" time="0.000" errors="0">
  <testcase name="userdata" time="0.000" classname="ParameterExample"/>
</testsuite> <!-- ParameterExample -->
