<?xml version="1.0" encoding="UTF-8"?>
<!-- Generated by org.testng.reporters.JUnitReportReporter -->
<testsuite skipped="0" hostname="DESKTOP-MUE1MC5" name="paralleltest.TestClass" tests="1" failures="0" timestamp="13 Apr 2020 09:48:55 GMT" time="2.029" errors="0">
  <testcase name="doLogin" time="2.029" classname="paralleltest.TestClass"/>
</testsuite> <!-- paralleltest.TestClass -->
