<?xml version="1.0" encoding="UTF-8"?>
<!-- Generated by org.testng.reporters.JUnitReportReporter -->
<testsuite skipped="2" hostname="DESKTOP-MUE1MC5" name="com.qa.flipkarttests.MobilesTest" tests="3" failures="0" timestamp="28 Feb 2020 01:45:45 GMT" time="42.788" errors="0">
  <testcase name="verifySelectMobile" time="42.788" classname="com.qa.flipkarttests.MobilesTest"/>
  <testcase name="verifyMobilePageTitle" classname="com.qa.flipkarttests.MobilesTest">
    <skipped/>
  </testcase> <!-- verifyMobilePageTitle -->
  <testcase name="verifyMobilePageHeader" classname="com.qa.flipkarttests.MobilesTest">
    <skipped/>
  </testcase> <!-- verifyMobilePageHeader -->
</testsuite> <!-- com.qa.flipkarttests.MobilesTest -->
