<?xml version="1.0" encoding="UTF-8"?>
<!-- Generated by org.testng.reporters.JUnitReportReporter -->
<testsuite skipped="2" hostname="DESKTOP-MUE1MC5" name="com.qa.flipkarttests.FlipkartHomePageTest" tests="3" failures="0" timestamp="28 Feb 2020 01:45:45 GMT" time="34.948" errors="0">
  <testcase name="verifyUserNavigateToElectronicsPageTest" time="34.948" classname="com.qa.flipkarttests.FlipkartHomePageTest"/>
  <testcase name="verifyHomePageHeader" classname="com.qa.flipkarttests.FlipkartHomePageTest">
    <skipped/>
  </testcase> <!-- verifyHomePageHeader -->
  <testcase name="verifyHomePageTitle" classname="com.qa.flipkarttests.FlipkartHomePageTest">
    <skipped/>
  </testcase> <!-- verifyHomePageTitle -->
</testsuite> <!-- com.qa.flipkarttests.FlipkartHomePageTest -->
